{"C:\\Users\\USER\\Documents\\lendsqr wallet service\\src\\controllers\\transactionWallet.ts": {"path":"C:\\Users\\USER\\Documents\\lendsqr wallet service\\src\\controllers\\transactionWallet.ts","statementMap":{"0":{"start":{"line":2,"column":0},"end":{"line":2,"column":73}},"1":{"start":{"line":3,"column":0},"end":{"line":3,"column":59}},"2":{"start":{"line":4,"column":31},"end":{"line":35,"column":2}},"3":{"start":{"line":7,"column":19},"end":{"line":35,"column":2}},"4":{"start":{"line":8,"column":17},"end":{"line":8,"column":43}},"5":{"start":{"line":10,"column":2},"end":{"line":15,"column":3}},"6":{"start":{"line":11,"column":4},"end":{"line":13,"column":69}},"7":{"start":{"line":14,"column":4},"end":{"line":14,"column":11}},"8":{"start":{"line":17,"column":2},"end":{"line":34,"column":3}},"9":{"start":{"line":19,"column":23},"end":{"line":19,"column":58}},"10":{"start":{"line":21,"column":4},"end":{"line":24,"column":5}},"11":{"start":{"line":22,"column":6},"end":{"line":22,"column":58}},"12":{"start":{"line":23,"column":6},"end":{"line":23,"column":13}},"13":{"start":{"line":26,"column":25},"end":{"line":26,"column":74}},"14":{"start":{"line":27,"column":4},"end":{"line":31,"column":7}},"15":{"start":{"line":33,"column":4},"end":{"line":33,"column":61}},"16":{"start":{"line":4,"column":13},"end":{"line":4,"column":31}}},"fnMap":{"0":{"name":"(anonymous_16)","decl":{"start":{"line":4,"column":31},"end":{"line":4,"column":null}},"loc":{"start":{"line":7,"column":19},"end":{"line":35,"column":2}}},"1":{"name":"(anonymous_17)","decl":{"start":{"line":7,"column":19},"end":{"line":7,"column":null}},"loc":{"start":{"line":7,"column":19},"end":{"line":35,"column":1}}}},"branchMap":{"0":{"loc":{"start":{"line":10,"column":2},"end":{"line":15,"column":3}},"type":"if","locations":[{"start":{"line":10,"column":2},"end":{"line":15,"column":3}}]},"1":{"loc":{"start":{"line":10,"column":6},"end":{"line":10,"column":45}},"type":"binary-expr","locations":[{"start":{"line":10,"column":6},"end":{"line":10,"column":13}},{"start":{"line":10,"column":17},"end":{"line":10,"column":30}},{"start":{"line":10,"column":34},"end":{"line":10,"column":45}}]},"2":{"loc":{"start":{"line":21,"column":4},"end":{"line":24,"column":5}},"type":"if","locations":[{"start":{"line":21,"column":4},"end":{"line":24,"column":5}}]}},"s":{"0":1,"1":1,"2":1,"3":6,"4":6,"5":6,"6":3,"7":3,"8":3,"9":3,"10":2,"11":1,"12":1,"13":1,"14":1,"15":1,"16":1},"f":{"0":6,"1":6},"b":{"0":[3],"1":[6,3,3],"2":[1]}}
,"C:\\Users\\USER\\Documents\\lendsqr wallet service\\src\\controllers\\user.controllers.ts": {"path":"C:\\Users\\USER\\Documents\\lendsqr wallet service\\src\\controllers\\user.controllers.ts","statementMap":{"0":{"start":{"line":2,"column":0},"end":{"line":2,"column":59}},"1":{"start":{"line":3,"column":0},"end":{"line":3,"column":63}},"2":{"start":{"line":4,"column":0},"end":{"line":4,"column":28}},"3":{"start":{"line":5,"column":0},"end":{"line":5,"column":53}},"4":{"start":{"line":7,"column":28},"end":{"line":51,"column":2}},"5":{"start":{"line":10,"column":19},"end":{"line":51,"column":2}},"6":{"start":{"line":11,"column":2},"end":{"line":50,"column":3}},"7":{"start":{"line":12,"column":43},"end":{"line":12,"column":51}},"8":{"start":{"line":13,"column":17},"end":{"line":13,"column":41}},"9":{"start":{"line":14,"column":4},"end":{"line":14,"column":26}},"10":{"start":{"line":15,"column":4},"end":{"line":20,"column":5}},"11":{"start":{"line":16,"column":6},"end":{"line":18,"column":80}},"12":{"start":{"line":19,"column":6},"end":{"line":19,"column":13}},"13":{"start":{"line":22,"column":25},"end":{"line":22,"column":62}},"14":{"start":{"line":23,"column":4},"end":{"line":26,"column":5}},"15":{"start":{"line":24,"column":6},"end":{"line":24,"column":63}},"16":{"start":{"line":25,"column":6},"end":{"line":25,"column":13}},"17":{"start":{"line":28,"column":25},"end":{"line":28,"column":56}},"18":{"start":{"line":30,"column":20},"end":{"line":35,"column":6}},"19":{"start":{"line":37,"column":19},"end":{"line":37,"column":73}},"20":{"start":{"line":39,"column":4},"end":{"line":47,"column":7}},"21":{"start":{"line":49,"column":4},"end":{"line":49,"column":61}},"22":{"start":{"line":7,"column":13},"end":{"line":7,"column":28}},"23":{"start":{"line":53,"column":25},"end":{"line":82,"column":2}},"24":{"start":{"line":53,"column":78},"end":{"line":82,"column":2}},"25":{"start":{"line":54,"column":2},"end":{"line":81,"column":3}},"26":{"start":{"line":55,"column":32},"end":{"line":55,"column":40}},"27":{"start":{"line":57,"column":17},"end":{"line":57,"column":54}},"28":{"start":{"line":59,"column":4},"end":{"line":62,"column":5}},"29":{"start":{"line":60,"column":6},"end":{"line":60,"column":69}},"30":{"start":{"line":61,"column":6},"end":{"line":61,"column":13}},"31":{"start":{"line":64,"column":28},"end":{"line":64,"column":73}},"32":{"start":{"line":65,"column":4},"end":{"line":67,"column":5}},"33":{"start":{"line":66,"column":6},"end":{"line":66,"column":69}},"34":{"start":{"line":68,"column":4},"end":{"line":75,"column":7}},"35":{"start":{"line":77,"column":4},"end":{"line":80,"column":7}},"36":{"start":{"line":53,"column":13},"end":{"line":53,"column":25}}},"fnMap":{"0":{"name":"(anonymous_17)","decl":{"start":{"line":7,"column":28},"end":{"line":7,"column":null}},"loc":{"start":{"line":10,"column":19},"end":{"line":51,"column":2}}},"1":{"name":"(anonymous_18)","decl":{"start":{"line":10,"column":19},"end":{"line":10,"column":null}},"loc":{"start":{"line":10,"column":19},"end":{"line":51,"column":1}}},"2":{"name":"(anonymous_19)","decl":{"start":{"line":53,"column":25},"end":{"line":53,"column":32}},"loc":{"start":{"line":53,"column":78},"end":{"line":82,"column":2}}},"3":{"name":"(anonymous_20)","decl":{"start":{"line":53,"column":78},"end":{"line":53,"column":null}},"loc":{"start":{"line":53,"column":78},"end":{"line":82,"column":1}}}},"branchMap":{"0":{"loc":{"start":{"line":15,"column":4},"end":{"line":20,"column":5}},"type":"if","locations":[{"start":{"line":15,"column":4},"end":{"line":20,"column":5}}]},"1":{"loc":{"start":{"line":23,"column":4},"end":{"line":26,"column":5}},"type":"if","locations":[{"start":{"line":23,"column":4},"end":{"line":26,"column":5}}]},"2":{"loc":{"start":{"line":59,"column":4},"end":{"line":62,"column":5}},"type":"if","locations":[{"start":{"line":59,"column":4},"end":{"line":62,"column":5}}]},"3":{"loc":{"start":{"line":65,"column":4},"end":{"line":67,"column":5}},"type":"if","locations":[{"start":{"line":65,"column":4},"end":{"line":67,"column":5}}]}},"s":{"0":1,"1":1,"2":1,"3":1,"4":1,"5":4,"6":4,"7":4,"8":4,"9":4,"10":4,"11":1,"12":1,"13":3,"14":3,"15":2,"16":2,"17":1,"18":1,"19":1,"20":1,"21":0,"22":1,"23":1,"24":0,"25":0,"26":0,"27":0,"28":0,"29":0,"30":0,"31":0,"32":0,"33":0,"34":0,"35":0,"36":1},"f":{"0":4,"1":4,"2":0,"3":0},"b":{"0":[1],"1":[2],"2":[0],"3":[0]}}
,"C:\\Users\\USER\\Documents\\lendsqr wallet service\\src\\controllers\\walletControlllers.ts": {"path":"C:\\Users\\USER\\Documents\\lendsqr wallet service\\src\\controllers\\walletControlllers.ts","statementMap":{"0":{"start":{"line":2,"column":0},"end":{"line":2,"column":63}},"1":{"start":{"line":3,"column":0},"end":{"line":3,"column":73}},"2":{"start":{"line":5,"column":26},"end":{"line":49,"column":2}},"3":{"start":{"line":8,"column":19},"end":{"line":49,"column":2}},"4":{"start":{"line":9,"column":30},"end":{"line":9,"column":38}},"5":{"start":{"line":11,"column":2},"end":{"line":11,"column":69}},"6":{"start":{"line":13,"column":2},"end":{"line":16,"column":3}},"7":{"start":{"line":14,"column":4},"end":{"line":14,"column":71}},"8":{"start":{"line":15,"column":4},"end":{"line":15,"column":11}},"9":{"start":{"line":18,"column":2},"end":{"line":48,"column":3}},"10":{"start":{"line":19,"column":19},"end":{"line":19,"column":63}},"11":{"start":{"line":20,"column":4},"end":{"line":23,"column":5}},"12":{"start":{"line":21,"column":6},"end":{"line":21,"column":60}},"13":{"start":{"line":22,"column":6},"end":{"line":22,"column":13}},"14":{"start":{"line":25,"column":4},"end":{"line":30,"column":6}},"15":{"start":{"line":32,"column":27},"end":{"line":32,"column":53}},"16":{"start":{"line":33,"column":23},"end":{"line":33,"column":46}},"17":{"start":{"line":35,"column":4},"end":{"line":35,"column":58}},"18":{"start":{"line":37,"column":4},"end":{"line":37,"column":62}},"19":{"start":{"line":39,"column":4},"end":{"line":44,"column":9}},"20":{"start":{"line":46,"column":4},"end":{"line":46,"column":35}},"21":{"start":{"line":47,"column":4},"end":{"line":47,"column":61}},"22":{"start":{"line":5,"column":13},"end":{"line":5,"column":26}},"23":{"start":{"line":51,"column":39},"end":{"line":82,"column":2}},"24":{"start":{"line":51,"column":77},"end":{"line":82,"column":2}},"25":{"start":{"line":52,"column":47},"end":{"line":52,"column":55}},"26":{"start":{"line":54,"column":2},"end":{"line":57,"column":3}},"27":{"start":{"line":55,"column":4},"end":{"line":55,"column":64}},"28":{"start":{"line":56,"column":4},"end":{"line":56,"column":11}},"29":{"start":{"line":59,"column":2},"end":{"line":81,"column":3}},"30":{"start":{"line":60,"column":19},"end":{"line":63,"column":null}},"31":{"start":{"line":66,"column":4},"end":{"line":66,"column":76}},"32":{"start":{"line":69,"column":24},"end":{"line":75,"column":6}},"33":{"start":{"line":76,"column":4},"end":{"line":76,"column":55}},"34":{"start":{"line":78,"column":4},"end":{"line":78,"column":74}},"35":{"start":{"line":80,"column":4},"end":{"line":80,"column":74}},"36":{"start":{"line":51,"column":13},"end":{"line":51,"column":39}},"37":{"start":{"line":84,"column":39},"end":{"line":96,"column":2}},"38":{"start":{"line":84,"column":77},"end":{"line":96,"column":2}},"39":{"start":{"line":85,"column":30},"end":{"line":85,"column":38}},"40":{"start":{"line":86,"column":2},"end":{"line":89,"column":3}},"41":{"start":{"line":87,"column":4},"end":{"line":87,"column":64}},"42":{"start":{"line":88,"column":4},"end":{"line":88,"column":11}},"43":{"start":{"line":90,"column":2},"end":{"line":95,"column":3}},"44":{"start":{"line":91,"column":19},"end":{"line":91,"column":66}},"45":{"start":{"line":92,"column":4},"end":{"line":92,"column":78}},"46":{"start":{"line":94,"column":4},"end":{"line":94,"column":76}},"47":{"start":{"line":84,"column":13},"end":{"line":84,"column":39}}},"fnMap":{"0":{"name":"(anonymous_16)","decl":{"start":{"line":5,"column":26},"end":{"line":5,"column":null}},"loc":{"start":{"line":8,"column":19},"end":{"line":49,"column":2}}},"1":{"name":"(anonymous_17)","decl":{"start":{"line":8,"column":19},"end":{"line":8,"column":null}},"loc":{"start":{"line":8,"column":19},"end":{"line":49,"column":1}}},"2":{"name":"(anonymous_18)","decl":{"start":{"line":51,"column":39},"end":{"line":51,"column":46}},"loc":{"start":{"line":51,"column":77},"end":{"line":82,"column":2}}},"3":{"name":"(anonymous_19)","decl":{"start":{"line":51,"column":77},"end":{"line":51,"column":null}},"loc":{"start":{"line":51,"column":77},"end":{"line":82,"column":1}}},"4":{"name":"(anonymous_20)","decl":{"start":{"line":84,"column":39},"end":{"line":84,"column":46}},"loc":{"start":{"line":84,"column":77},"end":{"line":96,"column":2}}},"5":{"name":"(anonymous_21)","decl":{"start":{"line":84,"column":77},"end":{"line":84,"column":null}},"loc":{"start":{"line":84,"column":77},"end":{"line":96,"column":1}}}},"branchMap":{"0":{"loc":{"start":{"line":13,"column":2},"end":{"line":16,"column":3}},"type":"if","locations":[{"start":{"line":13,"column":2},"end":{"line":16,"column":3}}]},"1":{"loc":{"start":{"line":13,"column":6},"end":{"line":13,"column":27}},"type":"binary-expr","locations":[{"start":{"line":13,"column":6},"end":{"line":13,"column":13}},{"start":{"line":13,"column":17},"end":{"line":13,"column":27}}]},"2":{"loc":{"start":{"line":20,"column":4},"end":{"line":23,"column":5}},"type":"if","locations":[{"start":{"line":20,"column":4},"end":{"line":23,"column":5}}]},"3":{"loc":{"start":{"line":54,"column":2},"end":{"line":57,"column":3}},"type":"if","locations":[{"start":{"line":54,"column":2},"end":{"line":57,"column":3}}]},"4":{"loc":{"start":{"line":54,"column":6},"end":{"line":54,"column":59}},"type":"binary-expr","locations":[{"start":{"line":54,"column":6},"end":{"line":54,"column":16}},{"start":{"line":54,"column":20},"end":{"line":54,"column":34}},{"start":{"line":54,"column":38},"end":{"line":54,"column":45}},{"start":{"line":54,"column":49},"end":{"line":54,"column":59}}]},"5":{"loc":{"start":{"line":80,"column":36},"end":{"line":80,"column":70}},"type":"binary-expr","locations":[{"start":{"line":80,"column":36},"end":{"line":80,"column":49}},{"start":{"line":80,"column":53},"end":{"line":80,"column":70}}]},"6":{"loc":{"start":{"line":86,"column":2},"end":{"line":89,"column":3}},"type":"if","locations":[{"start":{"line":86,"column":2},"end":{"line":89,"column":3}}]},"7":{"loc":{"start":{"line":86,"column":6},"end":{"line":86,"column":39}},"type":"binary-expr","locations":[{"start":{"line":86,"column":6},"end":{"line":86,"column":14}},{"start":{"line":86,"column":18},"end":{"line":86,"column":25}},{"start":{"line":86,"column":29},"end":{"line":86,"column":39}}]},"8":{"loc":{"start":{"line":94,"column":36},"end":{"line":94,"column":72}},"type":"binary-expr","locations":[{"start":{"line":94,"column":36},"end":{"line":94,"column":49}},{"start":{"line":94,"column":53},"end":{"line":94,"column":72}}]}},"s":{"0":1,"1":1,"2":1,"3":7,"4":7,"5":7,"6":7,"7":3,"8":3,"9":4,"10":4,"11":3,"12":1,"13":1,"14":2,"15":2,"16":2,"17":2,"18":2,"19":2,"20":1,"21":1,"22":1,"23":1,"24":6,"25":6,"26":6,"27":3,"28":3,"29":3,"30":3,"31":2,"32":2,"33":1,"34":1,"35":2,"36":1,"37":1,"38":7,"39":7,"40":7,"41":3,"42":3,"43":4,"44":4,"45":1,"46":3,"47":1},"f":{"0":7,"1":7,"2":6,"3":6,"4":7,"5":7},"b":{"0":[3],"1":[7,5],"2":[1],"3":[3],"4":[6,5,4,4],"5":[2,0],"6":[3],"7":[7,6,5],"8":[3,1]}}
,"C:\\Users\\USER\\Documents\\lendsqr wallet service\\src\\repositories\\transactionRepository.ts": {"path":"C:\\Users\\USER\\Documents\\lendsqr wallet service\\src\\repositories\\transactionRepository.ts","statementMap":{"0":{"start":{"line":1,"column":0},"end":{"line":1,"column":32}},"1":{"start":{"line":13,"column":33},"end":{"line":18,"column":2}},"2":{"start":{"line":15,"column":26},"end":{"line":18,"column":2}},"3":{"start":{"line":16,"column":20},"end":{"line":16,"column":72}},"4":{"start":{"line":17,"column":2},"end":{"line":17,"column":17}},"5":{"start":{"line":13,"column":13},"end":{"line":13,"column":33}},"6":{"start":{"line":20,"column":35},"end":{"line":27,"column":2}},"7":{"start":{"line":22,"column":28},"end":{"line":27,"column":2}},"8":{"start":{"line":23,"column":2},"end":{"line":26,"column":35}},"9":{"start":{"line":20,"column":13},"end":{"line":20,"column":35}}},"fnMap":{"0":{"name":"(anonymous_8)","decl":{"start":{"line":13,"column":33},"end":{"line":13,"column":null}},"loc":{"start":{"line":15,"column":26},"end":{"line":18,"column":2}}},"1":{"name":"(anonymous_9)","decl":{"start":{"line":15,"column":26},"end":{"line":15,"column":null}},"loc":{"start":{"line":15,"column":26},"end":{"line":18,"column":1}}},"2":{"name":"(anonymous_10)","decl":{"start":{"line":20,"column":35},"end":{"line":20,"column":null}},"loc":{"start":{"line":22,"column":28},"end":{"line":27,"column":2}}},"3":{"name":"(anonymous_11)","decl":{"start":{"line":22,"column":28},"end":{"line":22,"column":null}},"loc":{"start":{"line":22,"column":28},"end":{"line":27,"column":1}}}},"branchMap":{},"s":{"0":2,"1":2,"2":0,"3":0,"4":0,"5":2,"6":2,"7":0,"8":0,"9":2},"f":{"0":0,"1":0,"2":0,"3":0},"b":{}}
,"C:\\Users\\USER\\Documents\\lendsqr wallet service\\src\\repositories\\userRepository.ts": {"path":"C:\\Users\\USER\\Documents\\lendsqr wallet service\\src\\repositories\\userRepository.ts","statementMap":{"0":{"start":{"line":1,"column":0},"end":{"line":1,"column":32}},"1":{"start":{"line":10,"column":26},"end":{"line":14,"column":2}},"2":{"start":{"line":10,"column":58},"end":{"line":14,"column":2}},"3":{"start":{"line":11,"column":15},"end":{"line":11,"column":45}},"4":{"start":{"line":12,"column":15},"end":{"line":12,"column":54}},"5":{"start":{"line":13,"column":2},"end":{"line":13,"column":14}},"6":{"start":{"line":10,"column":13},"end":{"line":10,"column":26}},"7":{"start":{"line":16,"column":31},"end":{"line":19,"column":2}},"8":{"start":{"line":16,"column":55},"end":{"line":19,"column":2}},"9":{"start":{"line":17,"column":15},"end":{"line":17,"column":57}},"10":{"start":{"line":18,"column":2},"end":{"line":18,"column":14}},"11":{"start":{"line":16,"column":13},"end":{"line":16,"column":31}},"12":{"start":{"line":21,"column":28},"end":{"line":24,"column":2}},"13":{"start":{"line":21,"column":49},"end":{"line":24,"column":2}},"14":{"start":{"line":22,"column":17},"end":{"line":22,"column":58}},"15":{"start":{"line":23,"column":2},"end":{"line":23,"column":24}},"16":{"start":{"line":21,"column":13},"end":{"line":21,"column":28}}},"fnMap":{"0":{"name":"(anonymous_8)","decl":{"start":{"line":10,"column":26},"end":{"line":10,"column":33}},"loc":{"start":{"line":10,"column":58},"end":{"line":14,"column":2}}},"1":{"name":"(anonymous_9)","decl":{"start":{"line":10,"column":58},"end":{"line":10,"column":null}},"loc":{"start":{"line":10,"column":58},"end":{"line":14,"column":1}}},"2":{"name":"(anonymous_10)","decl":{"start":{"line":16,"column":31},"end":{"line":16,"column":38}},"loc":{"start":{"line":16,"column":55},"end":{"line":19,"column":2}}},"3":{"name":"(anonymous_11)","decl":{"start":{"line":16,"column":55},"end":{"line":16,"column":null}},"loc":{"start":{"line":16,"column":55},"end":{"line":19,"column":1}}},"4":{"name":"(anonymous_12)","decl":{"start":{"line":21,"column":28},"end":{"line":21,"column":35}},"loc":{"start":{"line":21,"column":49},"end":{"line":24,"column":2}}},"5":{"name":"(anonymous_13)","decl":{"start":{"line":21,"column":49},"end":{"line":21,"column":null}},"loc":{"start":{"line":21,"column":49},"end":{"line":24,"column":1}}}},"branchMap":{"0":{"loc":{"start":{"line":23,"column":9},"end":{"line":23,"column":23}},"type":"binary-expr","locations":[{"start":{"line":23,"column":9},"end":{"line":23,"column":15}},{"start":{"line":23,"column":19},"end":{"line":23,"column":23}}]}},"s":{"0":2,"1":2,"2":0,"3":0,"4":0,"5":0,"6":2,"7":2,"8":0,"9":0,"10":0,"11":2,"12":2,"13":0,"14":0,"15":0,"16":2},"f":{"0":0,"1":0,"2":0,"3":0,"4":0,"5":0},"b":{"0":[0,0]}}
,"C:\\Users\\USER\\Documents\\lendsqr wallet service\\src\\repositories\\walletRepository.ts": {"path":"C:\\Users\\USER\\Documents\\lendsqr wallet service\\src\\repositories\\walletRepository.ts","statementMap":{"0":{"start":{"line":1,"column":0},"end":{"line":1,"column":32}},"1":{"start":{"line":3,"column":28},"end":{"line":8,"column":2}},"2":{"start":{"line":6,"column":5},"end":{"line":8,"column":2}},"3":{"start":{"line":7,"column":2},"end":{"line":7,"column":48}},"4":{"start":{"line":3,"column":13},"end":{"line":3,"column":28}},"5":{"start":{"line":10,"column":34},"end":{"line":12,"column":2}},"6":{"start":{"line":10,"column":60},"end":{"line":12,"column":2}},"7":{"start":{"line":11,"column":2},"end":{"line":11,"column":56}},"8":{"start":{"line":10,"column":13},"end":{"line":10,"column":34}},"9":{"start":{"line":13,"column":35},"end":{"line":15,"column":2}},"10":{"start":{"line":13,"column":77},"end":{"line":15,"column":2}},"11":{"start":{"line":14,"column":2},"end":{"line":14,"column":76}},"12":{"start":{"line":13,"column":13},"end":{"line":13,"column":35}},"13":{"start":{"line":17,"column":29},"end":{"line":63,"column":2}},"14":{"start":{"line":21,"column":4},"end":{"line":63,"column":2}},"15":{"start":{"line":22,"column":2},"end":{"line":62,"column":5}},"16":{"start":{"line":22,"column":44},"end":{"line":62,"column":4}},"17":{"start":{"line":23,"column":25},"end":{"line":25,"column":14}},"18":{"start":{"line":27,"column":28},"end":{"line":29,"column":14}},"19":{"start":{"line":31,"column":4},"end":{"line":33,"column":5}},"20":{"start":{"line":32,"column":6},"end":{"line":32,"column":55}},"21":{"start":{"line":35,"column":26},"end":{"line":35,"column":58}},"22":{"start":{"line":36,"column":29},"end":{"line":36,"column":64}},"23":{"start":{"line":37,"column":27},"end":{"line":37,"column":33}},"24":{"start":{"line":39,"column":4},"end":{"line":41,"column":5}},"25":{"start":{"line":40,"column":6},"end":{"line":40,"column":46}},"26":{"start":{"line":44,"column":29},"end":{"line":44,"column":59}},"27":{"start":{"line":45,"column":32},"end":{"line":45,"column":65}},"28":{"start":{"line":47,"column":4},"end":{"line":49,"column":45}},"29":{"start":{"line":51,"column":4},"end":{"line":53,"column":48}},"30":{"start":{"line":55,"column":4},"end":{"line":61,"column":6}},"31":{"start":{"line":17,"column":13},"end":{"line":17,"column":29}},"32":{"start":{"line":65,"column":29},"end":{"line":79,"column":2}},"33":{"start":{"line":65,"column":70},"end":{"line":79,"column":2}},"34":{"start":{"line":66,"column":2},"end":{"line":78,"column":5}},"35":{"start":{"line":66,"column":44},"end":{"line":78,"column":4}},"36":{"start":{"line":67,"column":19},"end":{"line":67,"column":74}},"37":{"start":{"line":68,"column":4},"end":{"line":70,"column":5}},"38":{"start":{"line":69,"column":6},"end":{"line":69,"column":43}},"39":{"start":{"line":71,"column":4},"end":{"line":73,"column":5}},"40":{"start":{"line":72,"column":6},"end":{"line":72,"column":46}},"41":{"start":{"line":74,"column":4},"end":{"line":76,"column":52}},"42":{"start":{"line":77,"column":4},"end":{"line":77,"column":58}},"43":{"start":{"line":65,"column":13},"end":{"line":65,"column":29}}},"fnMap":{"0":{"name":"(anonymous_8)","decl":{"start":{"line":3,"column":28},"end":{"line":3,"column":35}},"loc":{"start":{"line":6,"column":5},"end":{"line":8,"column":2}}},"1":{"name":"(anonymous_9)","decl":{"start":{"line":6,"column":5},"end":{"line":6,"column":null}},"loc":{"start":{"line":6,"column":5},"end":{"line":8,"column":1}}},"2":{"name":"(anonymous_10)","decl":{"start":{"line":10,"column":34},"end":{"line":10,"column":41}},"loc":{"start":{"line":10,"column":60},"end":{"line":12,"column":2}}},"3":{"name":"(anonymous_11)","decl":{"start":{"line":10,"column":60},"end":{"line":10,"column":null}},"loc":{"start":{"line":10,"column":60},"end":{"line":12,"column":1}}},"4":{"name":"(anonymous_12)","decl":{"start":{"line":13,"column":35},"end":{"line":13,"column":42}},"loc":{"start":{"line":13,"column":77},"end":{"line":15,"column":2}}},"5":{"name":"(anonymous_13)","decl":{"start":{"line":13,"column":77},"end":{"line":13,"column":null}},"loc":{"start":{"line":13,"column":77},"end":{"line":15,"column":1}}},"6":{"name":"(anonymous_14)","decl":{"start":{"line":17,"column":29},"end":{"line":17,"column":null}},"loc":{"start":{"line":21,"column":4},"end":{"line":63,"column":2}}},"7":{"name":"(anonymous_15)","decl":{"start":{"line":21,"column":4},"end":{"line":21,"column":null}},"loc":{"start":{"line":21,"column":4},"end":{"line":63,"column":1}}},"8":{"name":"(anonymous_16)","decl":{"start":{"line":22,"column":30},"end":{"line":22,"column":37}},"loc":{"start":{"line":22,"column":44},"end":{"line":62,"column":4}}},"9":{"name":"(anonymous_17)","decl":{"start":{"line":22,"column":44},"end":{"line":22,"column":null}},"loc":{"start":{"line":22,"column":44},"end":{"line":62,"column":3}}},"10":{"name":"(anonymous_18)","decl":{"start":{"line":65,"column":29},"end":{"line":65,"column":36}},"loc":{"start":{"line":65,"column":70},"end":{"line":79,"column":2}}},"11":{"name":"(anonymous_19)","decl":{"start":{"line":65,"column":70},"end":{"line":65,"column":null}},"loc":{"start":{"line":65,"column":70},"end":{"line":79,"column":1}}},"12":{"name":"(anonymous_20)","decl":{"start":{"line":66,"column":30},"end":{"line":66,"column":37}},"loc":{"start":{"line":66,"column":44},"end":{"line":78,"column":4}}},"13":{"name":"(anonymous_21)","decl":{"start":{"line":66,"column":44},"end":{"line":66,"column":null}},"loc":{"start":{"line":66,"column":44},"end":{"line":78,"column":3}}}},"branchMap":{"0":{"loc":{"start":{"line":31,"column":4},"end":{"line":33,"column":5}},"type":"if","locations":[{"start":{"line":31,"column":4},"end":{"line":33,"column":5}}]},"1":{"loc":{"start":{"line":31,"column":8},"end":{"line":31,"column":41}},"type":"binary-expr","locations":[{"start":{"line":31,"column":8},"end":{"line":31,"column":21}},{"start":{"line":31,"column":25},"end":{"line":31,"column":41}}]},"2":{"loc":{"start":{"line":39,"column":4},"end":{"line":41,"column":5}},"type":"if","locations":[{"start":{"line":39,"column":4},"end":{"line":41,"column":5}}]},"3":{"loc":{"start":{"line":68,"column":4},"end":{"line":70,"column":5}},"type":"if","locations":[{"start":{"line":68,"column":4},"end":{"line":70,"column":5}}]},"4":{"loc":{"start":{"line":71,"column":4},"end":{"line":73,"column":5}},"type":"if","locations":[{"start":{"line":71,"column":4},"end":{"line":73,"column":5}}]}},"s":{"0":2,"1":2,"2":0,"3":0,"4":2,"5":2,"6":0,"7":0,"8":2,"9":2,"10":0,"11":0,"12":2,"13":2,"14":0,"15":0,"16":0,"17":0,"18":0,"19":0,"20":0,"21":0,"22":0,"23":0,"24":0,"25":0,"26":0,"27":0,"28":0,"29":0,"30":0,"31":2,"32":2,"33":0,"34":0,"35":0,"36":0,"37":0,"38":0,"39":0,"40":0,"41":0,"42":0,"43":2},"f":{"0":0,"1":0,"2":0,"3":0,"4":0,"5":0,"6":0,"7":0,"8":0,"9":0,"10":0,"11":0,"12":0,"13":0},"b":{"0":[0],"1":[0,0],"2":[0],"3":[0],"4":[0]}}
,"C:\\Users\\USER\\Documents\\lendsqr wallet service\\src\\utils\\karmaChecks.ts": {"path":"C:\\Users\\USER\\Documents\\lendsqr wallet service\\src\\utils\\karmaChecks.ts","statementMap":{"0":{"start":{"line":1,"column":0},"end":{"line":1,"column":20}},"1":{"start":{"line":2,"column":0},"end":{"line":2,"column":24}},"2":{"start":{"line":4,"column":26},"end":{"line":4,"column":55}},"3":{"start":{"line":6,"column":29},"end":{"line":8,"column":2}},"4":{"start":{"line":6,"column":69},"end":{"line":8,"column":2}},"5":{"start":{"line":7,"column":2},"end":{"line":7,"column":38}},"6":{"start":{"line":6,"column":13},"end":{"line":6,"column":29}},"7":{"start":{"line":11,"column":2},"end":{"line":22,"column":3}},"8":{"start":{"line":12,"column":20},"end":{"line":12,"column":42}},"9":{"start":{"line":13,"column":4},"end":{"line":13,"column":67}},"10":{"start":{"line":13,"column":24},"end":{"line":13,"column":67}},"11":{"start":{"line":14,"column":22},"end":{"line":14,"column":52}},"12":{"start":{"line":15,"column":20},"end":{"line":16,"column":null}},"13":{"start":{"line":16,"column":13},"end":{"line":16,"column":44}},"14":{"start":{"line":18,"column":4},"end":{"line":18,"column":28}},"15":{"start":{"line":19,"column":4},"end":{"line":19,"column":20}},"16":{"start":{"line":21,"column":4},"end":{"line":21,"column":14}},"17":{"start":{"line":25,"column":23},"end":{"line":36,"column":2}},"18":{"start":{"line":25,"column":34},"end":{"line":36,"column":2}},"19":{"start":{"line":26,"column":2},"end":{"line":35,"column":3}},"20":{"start":{"line":27,"column":19},"end":{"line":29,"column":6}},"21":{"start":{"line":30,"column":4},"end":{"line":30,"column":77}},"22":{"start":{"line":30,"column":51},"end":{"line":30,"column":77}},"23":{"start":{"line":31,"column":18},"end":{"line":31,"column":37}},"24":{"start":{"line":32,"column":4},"end":{"line":32,"column":17}},"25":{"start":{"line":34,"column":4},"end":{"line":34,"column":30}},"26":{"start":{"line":38,"column":25},"end":{"line":44,"column":1}},"27":{"start":{"line":39,"column":19},"end":{"line":39,"column":72}},"28":{"start":{"line":40,"column":2},"end":{"line":40,"column":28}},"29":{"start":{"line":41,"column":18},"end":{"line":41,"column":52}},"30":{"start":{"line":42,"column":17},"end":{"line":42,"column":36}},"31":{"start":{"line":43,"column":2},"end":{"line":43,"column":16}}},"fnMap":{"0":{"name":"(anonymous_8)","decl":{"start":{"line":6,"column":29},"end":{"line":6,"column":36}},"loc":{"start":{"line":6,"column":69},"end":{"line":8,"column":2}}},"1":{"name":"(anonymous_9)","decl":{"start":{"line":6,"column":69},"end":{"line":6,"column":null}},"loc":{"start":{"line":6,"column":69},"end":{"line":8,"column":1}}},"2":{"name":"adjutaBlacklisted","decl":{"start":{"line":10,"column":15},"end":{"line":10,"column":32}},"loc":{"start":{"line":10,"column":44},"end":{"line":23,"column":null}}},"3":{"name":"(anonymous_12)","decl":{"start":{"line":16,"column":6},"end":{"line":16,"column":7}},"loc":{"start":{"line":16,"column":13},"end":{"line":16,"column":44}}},"4":{"name":"(anonymous_13)","decl":{"start":{"line":25,"column":23},"end":{"line":25,"column":32}},"loc":{"start":{"line":25,"column":34},"end":{"line":36,"column":2}}},"5":{"name":"(anonymous_14)","decl":{"start":{"line":25,"column":34},"end":{"line":25,"column":null}},"loc":{"start":{"line":25,"column":34},"end":{"line":36,"column":1}}},"6":{"name":"(anonymous_15)","decl":{"start":{"line":38,"column":25},"end":{"line":38,"column":28}},"loc":{"start":{"line":38,"column":30},"end":{"line":44,"column":1}}}},"branchMap":{"0":{"loc":{"start":{"line":13,"column":4},"end":{"line":13,"column":67}},"type":"if","locations":[{"start":{"line":13,"column":4},"end":{"line":13,"column":67}}]},"1":{"loc":{"start":{"line":13,"column":9},"end":{"line":13,"column":22}},"type":"cond-expr","locations":[{"start":{"line":13,"column":16},"end":{"line":13,"column":18}},{"start":{"line":13,"column":9},"end":{"line":13,"column":22}}]},"2":{"loc":{"start":{"line":13,"column":9},"end":{"line":13,"column":18}},"type":"binary-expr","locations":[{"start":{"line":13,"column":9},"end":{"line":13,"column":18}},{"start":{"line":13,"column":9},"end":{"line":13,"column":18}}]},"3":{"loc":{"start":{"line":14,"column":22},"end":{"line":14,"column":52}},"type":"cond-expr","locations":[{"start":{"line":14,"column":35},"end":{"line":14,"column":39}},{"start":{"line":14,"column":39},"end":{"line":14,"column":52}}]},"4":{"loc":{"start":{"line":14,"column":22},"end":{"line":14,"column":39}},"type":"binary-expr","locations":[{"start":{"line":14,"column":22},"end":{"line":14,"column":39}},{"start":{"line":14,"column":35},"end":{"line":14,"column":39}}]},"5":{"loc":{"start":{"line":14,"column":22},"end":{"line":14,"column":35}},"type":"cond-expr","locations":[{"start":{"line":14,"column":29},"end":{"line":14,"column":31}},{"start":{"line":14,"column":22},"end":{"line":14,"column":35}}]},"6":{"loc":{"start":{"line":14,"column":22},"end":{"line":14,"column":31}},"type":"binary-expr","locations":[{"start":{"line":14,"column":22},"end":{"line":14,"column":31}},{"start":{"line":14,"column":22},"end":{"line":14,"column":31}}]},"7":{"loc":{"start":{"line":16,"column":13},"end":{"line":16,"column":44}},"type":"binary-expr","locations":[{"start":{"line":16,"column":13},"end":{"line":16,"column":25}},{"start":{"line":16,"column":29},"end":{"line":16,"column":44}}]},"8":{"loc":{"start":{"line":30,"column":4},"end":{"line":30,"column":77}},"type":"if","locations":[{"start":{"line":30,"column":4},"end":{"line":30,"column":77}}]}},"s":{"0":1,"1":1,"2":1,"3":1,"4":0,"5":0,"6":1,"7":0,"8":0,"9":0,"10":0,"11":0,"12":0,"13":0,"14":0,"15":0,"16":0,"17":1,"18":0,"19":0,"20":0,"21":0,"22":0,"23":0,"24":0,"25":0,"26":1,"27":0,"28":0,"29":0,"30":0,"31":0},"f":{"0":0,"1":0,"2":0,"3":0,"4":0,"5":0,"6":0},"b":{"0":[0],"1":[0,0],"2":[0,0],"3":[0,0],"4":[0,0],"5":[0,0],"6":[0,0],"7":[0,0],"8":[0]}}
}
