TN:
SF:src\controllers\transactionWallet.ts
FN:4,(anonymous_16)
FN:7,(anonymous_17)
FNF:2
FNH:2
FNDA:6,(anonymous_16)
FNDA:6,(anonymous_17)
DA:2,1
DA:3,1
DA:4,1
DA:7,6
DA:8,6
DA:10,6
DA:11,3
DA:14,3
DA:17,3
DA:19,3
DA:21,2
DA:22,1
DA:23,1
DA:26,1
DA:27,1
DA:33,1
LF:16
LH:16
BRDA:10,0,0,3
BRDA:10,1,0,6
BRDA:10,1,1,3
BRDA:10,1,2,3
BRDA:21,2,0,1
BRF:5
BRH:5
end_of_record
TN:
SF:src\controllers\user.controllers.ts
FN:7,(anonymous_17)
FN:10,(anonymous_18)
FN:53,(anonymous_19)
FN:53,(anonymous_20)
FNF:4
FNH:2
FNDA:4,(anonymous_17)
FNDA:4,(anonymous_18)
FNDA:0,(anonymous_19)
FNDA:0,(anonymous_20)
DA:2,1
DA:3,1
DA:4,1
DA:5,1
DA:7,1
DA:10,4
DA:11,4
DA:12,4
DA:13,4
DA:14,4
DA:15,4
DA:16,1
DA:19,1
DA:22,3
DA:23,3
DA:24,2
DA:25,2
DA:28,1
DA:30,1
DA:37,1
DA:39,1
DA:49,0
DA:53,1
DA:54,0
DA:55,0
DA:57,0
DA:59,0
DA:60,0
DA:61,0
DA:64,0
DA:65,0
DA:66,0
DA:68,0
DA:77,0
LF:34
LH:22
BRDA:15,0,0,1
BRDA:23,1,0,2
BRDA:59,2,0,0
BRDA:65,3,0,0
BRF:4
BRH:2
end_of_record
TN:
SF:src\controllers\walletControlllers.ts
FN:5,(anonymous_16)
FN:8,(anonymous_17)
FN:51,(anonymous_18)
FN:51,(anonymous_19)
FN:84,(anonymous_20)
FN:84,(anonymous_21)
FNF:6
FNH:6
FNDA:7,(anonymous_16)
FNDA:7,(anonymous_17)
FNDA:6,(anonymous_18)
FNDA:6,(anonymous_19)
FNDA:7,(anonymous_20)
FNDA:7,(anonymous_21)
DA:2,1
DA:3,1
DA:5,1
DA:8,7
DA:9,7
DA:11,7
DA:13,7
DA:14,3
DA:15,3
DA:18,4
DA:19,4
DA:20,3
DA:21,1
DA:22,1
DA:25,2
DA:32,2
DA:33,2
DA:35,2
DA:37,2
DA:39,2
DA:46,1
DA:47,1
DA:51,6
DA:52,6
DA:54,6
DA:55,3
DA:56,3
DA:59,3
DA:60,3
DA:66,2
DA:69,2
DA:76,1
DA:78,1
DA:80,2
DA:84,7
DA:85,7
DA:86,7
DA:87,3
DA:88,3
DA:90,4
DA:91,4
DA:92,1
DA:94,3
LF:43
LH:43
BRDA:13,0,0,3
BRDA:13,1,0,7
BRDA:13,1,1,5
BRDA:20,2,0,1
BRDA:54,3,0,3
BRDA:54,4,0,6
BRDA:54,4,1,5
BRDA:54,4,2,4
BRDA:54,4,3,4
BRDA:80,5,0,2
BRDA:80,5,1,0
BRDA:86,6,0,3
BRDA:86,7,0,7
BRDA:86,7,1,6
BRDA:86,7,2,5
BRDA:94,8,0,3
BRDA:94,8,1,1
BRF:17
BRH:16
end_of_record
TN:
SF:src\repositories\transactionRepository.ts
FN:13,(anonymous_8)
FN:15,(anonymous_9)
FN:20,(anonymous_10)
FN:22,(anonymous_11)
FNF:4
FNH:0
FNDA:0,(anonymous_8)
FNDA:0,(anonymous_9)
FNDA:0,(anonymous_10)
FNDA:0,(anonymous_11)
DA:1,2
DA:13,2
DA:15,0
DA:16,0
DA:17,0
DA:20,2
DA:22,0
DA:23,0
LF:8
LH:3
BRF:0
BRH:0
end_of_record
TN:
SF:src\repositories\userRepository.ts
FN:10,(anonymous_8)
FN:10,(anonymous_9)
FN:16,(anonymous_10)
FN:16,(anonymous_11)
FN:21,(anonymous_12)
FN:21,(anonymous_13)
FNF:6
FNH:0
FNDA:0,(anonymous_8)
FNDA:0,(anonymous_9)
FNDA:0,(anonymous_10)
FNDA:0,(anonymous_11)
FNDA:0,(anonymous_12)
FNDA:0,(anonymous_13)
DA:1,2
DA:10,2
DA:11,0
DA:12,0
DA:13,0
DA:16,2
DA:17,0
DA:18,0
DA:21,2
DA:22,0
DA:23,0
LF:11
LH:4
BRDA:23,0,0,0
BRDA:23,0,1,0
BRF:2
BRH:0
end_of_record
TN:
SF:src\repositories\walletRepository.ts
FN:3,(anonymous_8)
FN:6,(anonymous_9)
FN:10,(anonymous_10)
FN:10,(anonymous_11)
FN:13,(anonymous_12)
FN:13,(anonymous_13)
FN:17,(anonymous_14)
FN:21,(anonymous_15)
FN:22,(anonymous_16)
FN:22,(anonymous_17)
FN:65,(anonymous_18)
FN:65,(anonymous_19)
FN:66,(anonymous_20)
FN:66,(anonymous_21)
FNF:14
FNH:0
FNDA:0,(anonymous_8)
FNDA:0,(anonymous_9)
FNDA:0,(anonymous_10)
FNDA:0,(anonymous_11)
FNDA:0,(anonymous_12)
FNDA:0,(anonymous_13)
FNDA:0,(anonymous_14)
FNDA:0,(anonymous_15)
FNDA:0,(anonymous_16)
FNDA:0,(anonymous_17)
FNDA:0,(anonymous_18)
FNDA:0,(anonymous_19)
FNDA:0,(anonymous_20)
FNDA:0,(anonymous_21)
DA:1,2
DA:3,2
DA:6,0
DA:7,0
DA:10,2
DA:11,0
DA:13,2
DA:14,0
DA:17,2
DA:21,0
DA:22,0
DA:23,0
DA:27,0
DA:31,0
DA:32,0
DA:35,0
DA:36,0
DA:37,0
DA:39,0
DA:40,0
DA:44,0
DA:45,0
DA:47,0
DA:51,0
DA:55,0
DA:65,2
DA:66,0
DA:67,0
DA:68,0
DA:69,0
DA:71,0
DA:72,0
DA:74,0
DA:77,0
LF:34
LH:6
BRDA:31,0,0,0
BRDA:31,1,0,0
BRDA:31,1,1,0
BRDA:39,2,0,0
BRDA:68,3,0,0
BRDA:71,4,0,0
BRF:6
BRH:0
end_of_record
TN:
SF:src\utils\karmaChecks.ts
FN:6,(anonymous_8)
FN:6,(anonymous_9)
FN:10,adjutaBlacklisted
FN:16,(anonymous_12)
FN:25,(anonymous_13)
FN:25,(anonymous_14)
FN:38,(anonymous_15)
FNF:7
FNH:0
FNDA:0,(anonymous_8)
FNDA:0,(anonymous_9)
FNDA:0,adjutaBlacklisted
FNDA:0,(anonymous_12)
FNDA:0,(anonymous_13)
FNDA:0,(anonymous_14)
FNDA:0,(anonymous_15)
DA:1,1
DA:2,1
DA:4,1
DA:6,1
DA:7,0
DA:11,0
DA:12,0
DA:13,0
DA:14,0
DA:15,0
DA:16,0
DA:18,0
DA:19,0
DA:21,0
DA:25,1
DA:26,0
DA:27,0
DA:30,0
DA:31,0
DA:32,0
DA:34,0
DA:38,1
DA:39,0
DA:40,0
DA:41,0
DA:42,0
DA:43,0
LF:27
LH:6
BRDA:13,0,0,0
BRDA:13,1,0,0
BRDA:13,1,1,0
BRDA:13,2,0,0
BRDA:13,2,1,0
BRDA:14,3,0,0
BRDA:14,3,1,0
BRDA:14,4,0,0
BRDA:14,4,1,0
BRDA:14,5,0,0
BRDA:14,5,1,0
BRDA:14,6,0,0
BRDA:14,6,1,0
BRDA:16,7,0,0
BRDA:16,7,1,0
BRDA:30,8,0,0
BRF:16
BRH:0
end_of_record
